<?xml version="1.0" encoding="UTF-8"?>
<!-- Generated by org.testng.reporters.JUnitReportReporter -->
<testsuite hostname="DESKTOP-2011PF2" failures="0" tests="4" name="Users.PostsAPITests" time="4.942" errors="0" timestamp="2025-09-24T20:45:20 IST" skipped="0">
  <testcase classname="Users.PostsAPITests" name="testGetAllPosts" time="2.673"/>
  <testcase classname="Users.PostsAPITests" name="testGetPostById" time="0.594"/>
  <testcase classname="Users.PostsAPITests" name="testCreatePost" time="0.912"/>
  <testcase classname="Users.PostsAPITests" name="testGetPostsByUser" time="0.763"/>
</testsuite> <!-- Users.PostsAPITests -->
