<?xml version="1.0" encoding="UTF-8"?>
<!-- Generated by org.testng.reporters.JUnitReportReporter -->
<testsuite hostname="DESKTOP-2011PF2" failures="0" tests="2" name="Users.PostsAPITests" time="2.415" errors="0" timestamp="2025-10-08T12:39:49 IST" skipped="0">
  <testcase classname="Users.PostsAPITests" name="testGetAllPosts" time="1.755"/>
  <testcase classname="Users.PostsAPITests" name="testGetPostById" time="0.660"/>
</testsuite> <!-- Users.PostsAPITests -->
